[09/07/16 09:28:42:05 BST] ImageSorter:59 INFO: [Thread=main] tag - [Exif SubIFD] Exif Version - 2.20
[09/07/16 09:28:42:29 BST] ImageSorter:59 INFO: [Thread=main] tag - [Exif SubIFD] FlashPix Version - 0.00
[09/07/16 09:28:42:30 BST] ImageSorter:59 INFO: [Thread=main] tag - [Exif SubIFD] Color Space - sRGB
[09/07/16 09:28:42:34 BST] ImageSorter:59 INFO: [Thread=main] tag - [Exif SubIFD] Components Configuration - YCbCr
[09/07/16 09:28:42:35 BST] ImageSorter:59 INFO: [Thread=main] tag - [Exif SubIFD] Compressed Bits Per Pixel - 0 bits/pixel
[09/07/16 09:28:42:36 BST] ImageSorter:59 INFO: [Thread=main] tag - [Exif SubIFD] Exif Image Width - 2592 pixels
[09/07/16 09:28:42:41 BST] ImageSorter:59 INFO: [Thread=main] tag - [Exif SubIFD] Exif Image Height - 1944 pixels
[09/07/16 09:28:42:42 BST] ImageSorter:59 INFO: [Thread=main] tag - [Exif SubIFD] Date/Time Original - 2013:03:16 23:36:21
[09/07/16 09:28:42:48 BST] ImageSorter:59 INFO: [Thread=main] tag - [Exif SubIFD] Date/Time Digitized - 2013:03:16 23:36:21
[09/07/16 09:28:42:49 BST] ImageSorter:59 INFO: [Thread=main] tag - [Exif SubIFD] Exposure Time - 29997/1000000 sec
[09/07/16 09:28:42:50 BST] ImageSorter:59 INFO: [Thread=main] tag - [Exif SubIFD] F-Number - f/2.8
[09/07/16 09:28:42:52 BST] ImageSorter:59 INFO: [Thread=main] tag - [Exif SubIFD] Exposure Program - Aperture priority
[09/07/16 09:28:42:53 BST] ImageSorter:59 INFO: [Thread=main] tag - [Exif SubIFD] ISO Speed Ratings - 100 0 0 (unable to formulate description)
[09/07/16 09:28:42:55 BST] ImageSorter:59 INFO: [Thread=main] tag - [Exif SubIFD] Shutter Speed Value - 1/29 sec
[09/07/16 09:28:42:61 BST] ImageSorter:59 INFO: [Thread=main] tag - [Exif SubIFD] Aperture Value - f/2.6
[09/07/16 09:28:42:62 BST] ImageSorter:59 INFO: [Thread=main] tag - [Exif SubIFD] Brightness Value - 0
[09/07/16 09:28:42:83 BST] ImageSorter:59 INFO: [Thread=main] tag - [Exif SubIFD] Exposure Bias Value - 0 EV
[09/07/16 09:28:42:89 BST] ImageSorter:59 INFO: [Thread=main] tag - [Exif SubIFD] Max Aperture Value - f/2.6
[09/07/16 09:28:42:90 BST] ImageSorter:59 INFO: [Thread=main] tag - [Exif SubIFD] Subject Distance - 0.0 metres
[09/07/16 09:28:42:91 BST] ImageSorter:59 INFO: [Thread=main] tag - [Exif SubIFD] Metering Mode - Multi-spot
[09/07/16 09:28:42:92 BST] ImageSorter:59 INFO: [Thread=main] tag - [Exif SubIFD] White Balance - Tungsten
[09/07/16 09:28:42:92 BST] ImageSorter:59 INFO: [Thread=main] tag - [Exif SubIFD] Flash - Flash did not fire, auto
[09/07/16 09:28:42:97 BST] ImageSorter:59 INFO: [Thread=main] tag - [Exif SubIFD] Focal Length - 3.43 mm
[09/07/16 09:28:42:98 BST] ImageSorter:59 INFO: [Thread=main] tag - [Exif SubIFD] Flash Energy - 0
[09/07/16 09:28:42:107 BST] ImageSorter:59 INFO: [Thread=main] tag - [Exif SubIFD] Exposure Index - 0
[09/07/16 09:28:42:108 BST] ImageSorter:59 INFO: [Thread=main] tag - [Exif SubIFD] Sensing Method - One-chip color area sensor
[09/07/16 09:28:42:117 BST] ImageSorter:59 INFO: [Thread=main] tag - [Exif SubIFD] Scene Type - Directly photographed image
[09/07/16 09:28:42:118 BST] ImageSorter:59 INFO: [Thread=main] tag - [Exif SubIFD] Custom Rendered - Custom process
[09/07/16 09:28:42:120 BST] ImageSorter:59 INFO: [Thread=main] tag - [Exif SubIFD] Exposure Mode - Auto exposure
[09/07/16 09:28:42:121 BST] ImageSorter:59 INFO: [Thread=main] tag - [Exif SubIFD] White Balance Mode - Auto white balance
[09/07/16 09:28:42:129 BST] ImageSorter:59 INFO: [Thread=main] tag - [Exif SubIFD] Digital Zoom Ratio - 1
[09/07/16 09:28:42:130 BST] ImageSorter:59 INFO: [Thread=main] tag - [Exif SubIFD] Scene Capture Type - Standard
[09/07/16 09:28:42:131 BST] ImageSorter:59 INFO: [Thread=main] tag - [Exif SubIFD] Contrast - None
[09/07/16 09:28:42:133 BST] ImageSorter:59 INFO: [Thread=main] tag - [Exif SubIFD] Saturation - None
[09/07/16 09:28:42:135 BST] ImageSorter:59 INFO: [Thread=main] tag - [Exif SubIFD] Sharpness - None
[09/07/16 09:28:42:136 BST] ImageSorter:59 INFO: [Thread=main] tag - [Exif SubIFD] Subject Distance Range - Unknown
[09/07/16 09:28:42:140 BST] ImageSorter:59 INFO: [Thread=main] tag - [Exif SubIFD] Unique Image ID - OAEL01
[09/07/16 09:28:42:142 BST] ImageSorter:59 INFO: [Thread=main] tag - [Exif Thumbnail] Image Width - 160 pixels
[09/07/16 09:28:42:143 BST] ImageSorter:59 INFO: [Thread=main] tag - [Exif Thumbnail] Image Height - 120 pixels
[09/07/16 09:28:42:143 BST] ImageSorter:59 INFO: [Thread=main] tag - [Exif Thumbnail] Thumbnail Compression - JPEG (old-style)
[09/07/16 09:28:42:144 BST] ImageSorter:59 INFO: [Thread=main] tag - [Exif Thumbnail] Thumbnail Offset - 2287 bytes
[09/07/16 09:28:42:145 BST] ImageSorter:59 INFO: [Thread=main] tag - [Exif Thumbnail] Thumbnail Length - 5785 bytes
[09/07/16 09:28:42:145 BST] ImageSorter:59 INFO: [Thread=main] tag - [Exif IFD0] Orientation - Unknown (0)
[09/07/16 09:28:42:147 BST] ImageSorter:59 INFO: [Thread=main] tag - [Exif IFD0] YCbCr Positioning - Center of pixel array
[09/07/16 09:28:42:152 BST] ImageSorter:59 INFO: [Thread=main] tag - [Exif IFD0] X Resolution - 72 dots per inch
[09/07/16 09:28:42:153 BST] ImageSorter:59 INFO: [Thread=main] tag - [Exif IFD0] Y Resolution - 72 dots per inch
[09/07/16 09:28:42:154 BST] ImageSorter:59 INFO: [Thread=main] tag - [Exif IFD0] Resolution Unit - Inch
[09/07/16 09:28:42:155 BST] ImageSorter:59 INFO: [Thread=main] tag - [Exif IFD0] Date/Time - 2013:03:16 23:36:21
[09/07/16 09:28:42:157 BST] ImageSorter:59 INFO: [Thread=main] tag - [Exif IFD0] Make - Samsung
[09/07/16 09:28:42:160 BST] ImageSorter:59 INFO: [Thread=main] tag - [Exif IFD0] Model - Galaxy Nexus
[09/07/16 09:28:42:165 BST] ImageSorter:59 INFO: [Thread=main] tag - [File] File Name - IMG_20130316_233621.jpg
[09/07/16 09:28:42:166 BST] ImageSorter:59 INFO: [Thread=main] tag - [File] File Size - 1289925 bytes
[09/07/16 09:28:42:180 BST] ImageSorter:59 INFO: [Thread=main] tag - [File] File Modified Date - Wed Sep 07 09:28:37 BST 2016
[09/07/16 09:28:42:181 BST] ImageSorter:59 INFO: [Thread=main] tag - [GPS] GPS Latitude Ref - N
[09/07/16 09:28:42:183 BST] ImageSorter:59 INFO: [Thread=main] tag - [GPS] GPS Latitude - 51° 23' 10.29"
[09/07/16 09:28:42:184 BST] ImageSorter:59 INFO: [Thread=main] tag - [GPS] GPS Longitude Ref - W
[09/07/16 09:28:42:188 BST] ImageSorter:59 INFO: [Thread=main] tag - [GPS] GPS Longitude - 0° 10' 1.56"
[09/07/16 09:28:42:188 BST] ImageSorter:59 INFO: [Thread=main] tag - [GPS] GPS Altitude Ref - Sea level
[09/07/16 09:28:42:189 BST] ImageSorter:59 INFO: [Thread=main] tag - [GPS] GPS Altitude - 0 metres
[09/07/16 09:28:42:191 BST] ImageSorter:59 INFO: [Thread=main] tag - [GPS] GPS Time-Stamp - 23:36:11.00 UTC
[09/07/16 09:28:42:192 BST] ImageSorter:59 INFO: [Thread=main] tag - [GPS] GPS Processing Method - [100 bytes]
[09/07/16 09:28:42:192 BST] ImageSorter:59 INFO: [Thread=main] tag - [GPS] GPS Date Stamp - 2013:03:16
[09/07/16 09:28:42:194 BST] ImageSorter:59 INFO: [Thread=main] tag - [JPEG] Compression Type - Baseline
[09/07/16 09:28:42:196 BST] ImageSorter:59 INFO: [Thread=main] tag - [JPEG] Data Precision - 8 bits
[09/07/16 09:28:42:198 BST] ImageSorter:59 INFO: [Thread=main] tag - [JPEG] Image Height - 1944 pixels
[09/07/16 09:28:42:199 BST] ImageSorter:59 INFO: [Thread=main] tag - [JPEG] Image Width - 2592 pixels
[09/07/16 09:28:42:200 BST] ImageSorter:59 INFO: [Thread=main] tag - [JPEG] Number of Components - 3
[09/07/16 09:28:42:201 BST] ImageSorter:59 INFO: [Thread=main] tag - [JPEG] Component 1 - Y component: Quantization table 0, Sampling factors 2 horiz/2 vert
[09/07/16 09:28:42:202 BST] ImageSorter:59 INFO: [Thread=main] tag - [JPEG] Component 2 - Cb component: Quantization table 1, Sampling factors 1 horiz/1 vert
[09/07/16 09:28:42:203 BST] ImageSorter:59 INFO: [Thread=main] tag - [JPEG] Component 3 - Cr component: Quantization table 1, Sampling factors 1 horiz/1 vert
[09/07/16 09:28:42:232 BST] ImageSorter:88 INFO: [Thread=main] Date extracted = Sat Mar 16 23:36:21 GMT 2013
[09/07/16 09:28:42:435 BST] ImageSorter:91 INFO: [Thread=main] Converted datetime = 2013-03-16T23:36:21
[09/07/16 09:28:42:458 BST] ImageSorter:204 INFO: [Thread=main] Root folder is '/tmp/junit7674576693815882333'
[09/07/16 09:28:42:466 BST] ImageSorter:208 INFO: [Thread=main] Processing folder '2016_03_09 - ' has 2 files
[09/07/16 09:28:42:471 BST] ImageSorter:212 INFO: [Thread=main] Path at /tmp/junit7674576693815882333/2016_03_09 -  was created
[09/07/16 09:28:42:480 BST] ImageSorter:208 INFO: [Thread=main] Processing folder '2016_03_08 - ' has 1 files
[09/07/16 09:28:42:481 BST] ImageSorter:212 INFO: [Thread=main] Path at /tmp/junit7674576693815882333/2016_03_08 -  was created
[09/07/16 09:28:42:482 BST] ImageSorter:208 INFO: [Thread=main] Processing folder '2016_03_10 - ' has 2 files
[09/07/16 09:28:42:487 BST] ImageSorter:212 INFO: [Thread=main] Path at /tmp/junit7674576693815882333/2016_03_10 -  was created
